<?xml version="1.0" encoding="UTF-8"?>
<!-- Generated by org.testng.reporters.JUnitReportReporter -->
<testsuite hostname="DESKTOP-JCJ8HOK" failures="0" tests="1" name="testcases.PortifolioManagement" time="0.000" errors="0" timestamp="11 Aug 2022 13:30:55 GMT" skipped="1">
  <testcase classname="testcases.PortifolioManagement" name="createProtifolio" time="0.000">
    <skipped/>
  </testcase> <!-- createProtifolio -->
</testsuite> <!-- testcases.PortifolioManagement -->
