<?xml version="1.0" encoding="UTF-8"?>
<!-- Generated by org.testng.reporters.JUnitReportReporter -->
<testsuite hostname="DESKTOP-JCJ8HOK" failures="0" tests="1" name="testcases.Session" time="18.808" errors="0" timestamp="08 Aug 2022 13:49:30 GMT" skipped="0">
  <testcase classname="testcases.Session" name="doLogin" time="18.808"/>
</testsuite> <!-- testcases.Session -->
