<?xml version="1.0" encoding="UTF-8"?>
<!-- Generated by org.testng.reporters.JUnitReportReporter -->
<testsuite hostname="DESKTOP-JCJ8HOK" failures="0" tests="1" name="testcases.Session" time="0.013" errors="0" timestamp="04 Aug 2022 13:14:04 GMT" skipped="0">
  <testcase classname="testcases.Session" name="doLogin" time="0.013"/>
</testsuite> <!-- testcases.Session -->
