<?xml version="1.0" encoding="UTF-8"?>
<!-- Generated by org.testng.reporters.JUnitReportReporter -->
<testsuite hostname="DESKTOP-JCJ8HOK" failures="0" tests="4" name="testcases.CustomerCommunication" time="0.025" errors="0" timestamp="21 Jul 2022 13:28:04 GMT" skipped="0">
  <testcase classname="testcases.CustomerCommunication" name="checkEmailVerification" time="0.009"/>
  <testcase classname="testcases.CustomerCommunication" name="checkMobileVerification" time="0.006"/>
  <testcase classname="testcases.CustomerCommunication" name="checkMobileVerification" time="0.005"/>
  <testcase classname="testcases.CustomerCommunication" name="checkEmailVerification" time="0.005"/>
</testsuite> <!-- testcases.CustomerCommunication -->
