<?xml version="1.0" encoding="UTF-8"?>
<!-- Generated by org.testng.reporters.JUnitReportReporter -->
<testsuite hostname="DESKTOP-JCJ8HOK" failures="0" tests="4" name="testcases.PaymentManager" time="0.028" errors="0" timestamp="21 Jul 2022 13:28:04 GMT" skipped="0">
  <testcase classname="testcases.PaymentManager" name="applyDiscount" time="0.004"/>
  <testcase classname="testcases.PaymentManager" name="makePayment" time="0.010"/>
  <testcase classname="testcases.PaymentManager" name="makePayment" time="0.006"/>
  <testcase classname="testcases.PaymentManager" name="applyDiscount" time="0.008"/>
</testsuite> <!-- testcases.PaymentManager -->
