<?xml version="1.0" encoding="UTF-8"?>
<!-- Generated by org.testng.reporters.JUnitReportReporter -->
<testsuite hostname="DESKTOP-JCJ8HOK" failures="0" tests="6" name="testcases.Bookings" time="0.069" errors="0" timestamp="21 Jul 2022 13:28:04 GMT" skipped="0">
  <testcase classname="testcases.Bookings" name="typeORoom" time="0.004"/>
  <testcase classname="testcases.Bookings" name="getInfo" time="0.006"/>
  <testcase classname="testcases.Bookings" name="typeORoom" time="0.016"/>
  <testcase classname="testcases.Bookings" name="getInfo" time="0.006"/>
  <testcase classname="testcases.Bookings" name="searchHotel" time="0.004"/>
  <testcase classname="testcases.Bookings" name="searchHotel" time="0.033"/>
</testsuite> <!-- testcases.Bookings -->
