<?xml version="1.0" encoding="UTF-8"?>
<!-- Generated by org.testng.reporters.JUnitReportReporter -->
<testsuite hostname="DESKTOP-JCJ8HOK" failures="0" tests="2" name="excelDataDriven.DataManagementWithHashTable" time="0.040" errors="0" timestamp="27 Jul 2022 13:20:06 GMT" skipped="0">
  <testcase classname="excelDataDriven.DataManagementWithHashTable" name="f" time="0.022"/>
  <testcase classname="excelDataDriven.DataManagementWithHashTable" name="f" time="0.018"/>
</testsuite> <!-- excelDataDriven.DataManagementWithHashTable -->
