<?xml version="1.0" encoding="UTF-8"?>
<!-- Generated by org.testng.reporters.JUnitReportReporter -->
<testsuite hostname="DESKTOP-JCJ8HOK" failures="0" tests="1" name="suiteB.TestB3" time="2.011" errors="0" timestamp="13 Jul 2022 13:06:34 GMT" skipped="0">
  <testcase classname="suiteB.TestB3" name="testB3" time="2.011"/>
</testsuite> <!-- suiteB.TestB3 -->
