<?xml version="1.0" encoding="UTF-8"?>
<!-- Generated by org.testng.reporters.JUnitReportReporter -->
<testsuite hostname="DESKTOP-JCJ8HOK" failures="0" tests="3" name="testng.TNG_002" time="0.023" errors="0" timestamp="07 Jul 2022 13:25:37 GMT" skipped="1">
  <testcase classname="testng.TNG_002" name="f" time="0.017"/>
  <testcase classname="testng.TNG_002" name="a" time="0.006"/>
  <testcase classname="testng.TNG_002" name="z">
    <skipped/>
  </testcase> <!-- z -->
</testsuite> <!-- testng.TNG_002 -->
