<?xml version="1.0" encoding="UTF-8"?>
<!-- Generated by org.testng.reporters.JUnitReportReporter -->
<testsuite hostname="DESKTOP-JCJ8HOK" failures="0" tests="1" name="testng.RadioButton1" time="19.619" errors="0" timestamp="14 Jul 2022 13:00:11 GMT" skipped="0">
  <testcase classname="testng.RadioButton1" name="radioButtonTest" time="19.619"/>
</testsuite> <!-- testng.RadioButton1 -->
