<?xml version="1.0" encoding="UTF-8"?>
<!-- Generated by org.testng.reporters.JUnitReportReporter -->
<testsuite hostname="DESKTOP-JCJ8HOK" failures="0" tests="2" name="excelDataDriven.DataProviderTest" time="0.030" errors="0" timestamp="27 Jul 2022 12:50:06 GMT" skipped="0">
  <testcase classname="excelDataDriven.DataProviderTest" name="f" time="0.026"/>
  <testcase classname="excelDataDriven.DataProviderTest" name="f" time="0.004"/>
</testsuite> <!-- excelDataDriven.DataProviderTest -->
