<?xml version="1.0" encoding="UTF-8"?>
<!-- Generated by org.testng.reporters.JUnitReportReporter -->
<testsuite hostname="DESKTOP-JCJ8HOK" failures="0" tests="3" name="testng.TestParallel" time="0.087" errors="0" timestamp="13 Jul 2022 13:19:36 GMT" skipped="0">
  <testcase classname="testng.TestParallel" name="test2" time="0.029"/>
  <testcase classname="testng.TestParallel" name="test1" time="0.029"/>
  <testcase classname="testng.TestParallel" name="test3" time="0.029"/>
</testsuite> <!-- testng.TestParallel -->
