<?xml version="1.0" encoding="UTF-8"?>
<!-- Generated by org.testng.reporters.JUnitReportReporter -->
<testsuite hostname="DESKTOP-JCJ8HOK" failures="0" tests="1" name="pom.POM_001" time="33.692" errors="0" timestamp="28 Jul 2022 13:25:27 GMT" skipped="0">
  <testcase classname="pom.POM_001" name="loginTest" time="33.692"/>
</testsuite> <!-- pom.POM_001 -->
