<?xml version="1.0" encoding="UTF-8"?>
<!-- Generated by org.testng.reporters.JUnitReportReporter -->
<testsuite hostname="DESKTOP-JCJ8HOK" failures="0" tests="2" name="pom.POM_001" time="51.652" errors="0" timestamp="02 Aug 2022 13:45:36 GMT" skipped="1">
  <testcase classname="pom.POM_001" name="custReg" time="51.652"/>
  <testcase classname="pom.POM_001" name="loginTest">
    <skipped/>
  </testcase> <!-- loginTest -->
</testsuite> <!-- pom.POM_001 -->
