<?xml version="1.0" encoding="UTF-8"?>
<!-- Generated by org.testng.reporters.JUnitReportReporter -->
<testsuite hostname="DESKTOP-JCJ8HOK" failures="0" tests="1" name="suiteB.TestB1" time="2.012" errors="0" timestamp="13 Jul 2022 13:06:34 GMT" skipped="0">
  <testcase classname="suiteB.TestB1" name="testB1" time="2.012"/>
</testsuite> <!-- suiteB.TestB1 -->
