<?xml version="1.0" encoding="UTF-8"?>
<!-- Generated by org.testng.reporters.JUnitReportReporter -->
<testsuite hostname="DESKTOP-JCJ8HOK" failures="0" tests="2" name="excelDataDriven.DataManagementFinalReview" time="0.028" errors="0" timestamp="27 Jul 2022 13:32:53 GMT" skipped="1">
  <testcase classname="excelDataDriven.DataManagementFinalReview" name="f" time="0.004">
    <skipped/>
  </testcase> <!-- f -->
  <testcase classname="excelDataDriven.DataManagementFinalReview" name="f" time="0.024"/>
</testsuite> <!-- excelDataDriven.DataManagementFinalReview -->
