<?xml version="1.0" encoding="UTF-8"?>
<!-- Generated by org.testng.reporters.JUnitReportReporter -->
<testsuite hostname="DESKTOP-JCJ8HOK" failures="0" tests="1" name="testng.TNG_003" time="20.995" errors="0" timestamp="08 Jul 2022 13:26:17 GMT" skipped="0">
  <testcase classname="testng.TNG_003" name="amazonTest" time="20.995"/>
</testsuite> <!-- testng.TNG_003 -->
